<?xml version="1.0" encoding="UTF-8"?>
<!-- Generated by org.testng.reporters.JUnitXMLReporter -->
<testsuite hostname="ebnew-001" name="Default test" tests="3" failures="0" timestamp="1 Apr 2016 02:39:42 GMT" time="0.045" errors="0">
  <testcase name="login1" time="0.006" classname="cn.ebnewTest.login.functionLoginTest"/>
  <testcase name="login2" time="0.0" classname="cn.ebnewTest.login.functionLoginTest"/>
  <testcase name="login3" time="0.0" classname="cn.ebnewTest.login.functionLoginTest"/>
</testsuite> <!-- Default test -->
