<?xml version="1.0" encoding="UTF-8"?>
<testng-results skipped="0" failed="0" total="3" passed="3">
  <reporter-output>
  </reporter-output>
  <suite name="Default suite" duration-ms="45" started-at="2016-04-01T02:39:42Z" finished-at="2016-04-01T02:39:42Z">
    <groups>
    </groups>
    <test name="Default test" duration-ms="45" started-at="2016-04-01T02:39:42Z" finished-at="2016-04-01T02:39:42Z">
      <class name="cn.ebnewTest.login.functionLoginTest">
        <test-method status="PASS" signature="BeforeTest()[pri:0, instance:cn.ebnewTest.login.functionLoginTest@115783a2]" name="BeforeTest" is-config="true" duration-ms="14" started-at="2016-04-01T10:39:42Z" finished-at="2016-04-01T10:39:42Z">
          <reporter-output>
          </reporter-output>
        </test-method> <!-- BeforeTest -->
        <test-method status="PASS" signature="BeforeMethod()[pri:0, instance:cn.ebnewTest.login.functionLoginTest@115783a2]" name="BeforeMethod" is-config="true" duration-ms="1" started-at="2016-04-01T10:39:42Z" finished-at="2016-04-01T10:39:42Z">
          <reporter-output>
          </reporter-output>
        </test-method> <!-- BeforeMethod -->
        <test-method status="PASS" signature="login1()[pri:0, instance:cn.ebnewTest.login.functionLoginTest@115783a2]" name="login1" duration-ms="6" started-at="2016-04-01T10:39:42Z" finished-at="2016-04-01T10:39:42Z">
          <reporter-output>
          </reporter-output>
        </test-method> <!-- login1 -->
        <test-method status="PASS" signature="AfterMethod()[pri:0, instance:cn.ebnewTest.login.functionLoginTest@115783a2]" name="AfterMethod" is-config="true" duration-ms="1" started-at="2016-04-01T10:39:42Z" finished-at="2016-04-01T10:39:42Z">
          <reporter-output>
          </reporter-output>
        </test-method> <!-- AfterMethod -->
        <test-method status="PASS" signature="BeforeMethod()[pri:0, instance:cn.ebnewTest.login.functionLoginTest@115783a2]" name="BeforeMethod" is-config="true" duration-ms="0" started-at="2016-04-01T10:39:42Z" finished-at="2016-04-01T10:39:42Z">
          <reporter-output>
          </reporter-output>
        </test-method> <!-- BeforeMethod -->
        <test-method status="PASS" signature="login2()[pri:0, instance:cn.ebnewTest.login.functionLoginTest@115783a2]" name="login2" duration-ms="0" started-at="2016-04-01T10:39:42Z" finished-at="2016-04-01T10:39:42Z">
          <reporter-output>
          </reporter-output>
        </test-method> <!-- login2 -->
        <test-method status="PASS" signature="AfterMethod()[pri:0, instance:cn.ebnewTest.login.functionLoginTest@115783a2]" name="AfterMethod" is-config="true" duration-ms="1" started-at="2016-04-01T10:39:42Z" finished-at="2016-04-01T10:39:42Z">
          <reporter-output>
          </reporter-output>
        </test-method> <!-- AfterMethod -->
        <test-method status="PASS" signature="BeforeMethod()[pri:0, instance:cn.ebnewTest.login.functionLoginTest@115783a2]" name="BeforeMethod" is-config="true" duration-ms="1" started-at="2016-04-01T10:39:42Z" finished-at="2016-04-01T10:39:42Z">
          <reporter-output>
          </reporter-output>
        </test-method> <!-- BeforeMethod -->
        <test-method status="PASS" signature="login3()[pri:0, instance:cn.ebnewTest.login.functionLoginTest@115783a2]" name="login3" duration-ms="0" started-at="2016-04-01T10:39:42Z" finished-at="2016-04-01T10:39:42Z">
          <reporter-output>
          </reporter-output>
        </test-method> <!-- login3 -->
        <test-method status="PASS" signature="AfterMethod()[pri:0, instance:cn.ebnewTest.login.functionLoginTest@115783a2]" name="AfterMethod" is-config="true" duration-ms="1" started-at="2016-04-01T10:39:42Z" finished-at="2016-04-01T10:39:42Z">
          <reporter-output>
          </reporter-output>
        </test-method> <!-- AfterMethod -->
        <test-method status="PASS" signature="AfterTest()[pri:0, instance:cn.ebnewTest.login.functionLoginTest@115783a2]" name="AfterTest" is-config="true" duration-ms="0" started-at="2016-04-01T10:39:42Z" finished-at="2016-04-01T10:39:42Z">
          <reporter-output>
          </reporter-output>
        </test-method> <!-- AfterTest -->
      </class> <!-- cn.ebnewTest.login.functionLoginTest -->
    </test> <!-- Default test -->
  </suite> <!-- Default suite -->
</testng-results>
